2025-09-05 10:49:49 INFO  [alembic.runtime.migration:211] Context impl SQLiteImpl.
2025-09-05 10:49:49 INFO  [alembic.runtime.migration:211] Context impl SQLiteImpl.
2025-09-05 10:49:49 INFO  [alembic.runtime.migration:214] Will assume non-transactional DDL.
2025-09-05 10:49:49 INFO  [alembic.runtime.migration:214] Will assume non-transactional DDL.
2025-09-05 10:49:54 INFO  [alembic.runtime.migration:211] Context impl SQLiteImpl.
2025-09-05 10:49:54 INFO  [alembic.runtime.migration:211] Context impl SQLiteImpl.
2025-09-05 10:49:54 INFO  [alembic.runtime.migration:214] Will assume non-transactional DDL.
2025-09-05 10:49:54 INFO  [alembic.runtime.migration:214] Will assume non-transactional DDL.
2025-09-05 10:49:54 INFO  [alembic.env:91] No changes in schema detected.
2025-09-05 10:49:54 INFO  [alembic.env:91] No changes in schema detected.
2025-09-05 10:59:39 INFO  [alembic.runtime.migration:211] Context impl PostgresqlImpl.
2025-09-05 10:59:39 INFO  [alembic.runtime.migration:211] Context impl PostgresqlImpl.
2025-09-05 10:59:39 INFO  [alembic.runtime.migration:214] Will assume transactional DDL.
2025-09-05 10:59:39 INFO  [alembic.runtime.migration:214] Will assume transactional DDL.
2025-09-05 11:19:54 INFO  [alembic.runtime.migration:211] Context impl PostgresqlImpl.
2025-09-05 11:19:54 INFO  [alembic.runtime.migration:211] Context impl PostgresqlImpl.
2025-09-05 11:19:54 INFO  [alembic.runtime.migration:214] Will assume transactional DDL.
2025-09-05 11:19:54 INFO  [alembic.runtime.migration:214] Will assume transactional DDL.
2025-09-05 12:25:51 INFO  [alembic.runtime.migration:211] Context impl PostgresqlImpl.
2025-09-05 12:25:51 INFO  [alembic.runtime.migration:211] Context impl PostgresqlImpl.
2025-09-05 12:25:51 INFO  [alembic.runtime.migration:214] Will assume transactional DDL.
2025-09-05 12:25:51 INFO  [alembic.runtime.migration:214] Will assume transactional DDL.
